16:37:03  ========== SystemPulse Started ==========
16:37:04    [out] C:\Program Files\nodejs\node.exe
16:37:04  Node.js found.
16:37:04    [out] [1m[95m⚡ SystemPulse CLI[0m
  [90mSystem Info (via Terminal Commands) & File CRUD Manager[0m

  [1mUsage:[0m
    node index.js [36m[command][0m [33m[arguments][0m

  [1mCommands:[0m
    [36m(no command)[0m               Gather system info → system-info.json
    [36minfo[0m                       Same as above
    [36mcreate[0m  [33m<file> <content>[0m  Create a new file in workspace
    [36mread[0m    [33m<file>[0m             Read a file from workspace
    [36mupdate[0m  [33m<file> <content>[0m  Update an existing file
    [36mdelete[0m  [33m<file>[0m             Delete a file from workspace
    [36mlist[0m                       List all workspace files
    [36mhelp[0m                       Show this help message

  [1mNo Node.js? Use the standalone scripts:[0m
    [36mWindows:[0m   powershell -ExecutionPolicy Bypass -File system-info.ps1
    [36mMac/Linux:[0m bash system-info.sh
16:37:04    [err] [31m✖ Unknown command: "auto"[0m
16:37:04  ========== Done ==========
